<?xml version="1.0" encoding="UTF-8"?>
<!-- Generated by org.testng.reporters.JUnitXMLReporter -->
<testsuite ignored="3" hostname="DESKTOP-E5QN8FN" failures="0" tests="1" name="Default test(failed)" time="38.439" errors="0" timestamp="2021-08-25T16:49:58 IST">
  <testcase classname="com.crm.qa.testcases.ContactsPageTest" name="validateCreateNewContact" time="6.47"/>
  <testcase classname="com.crm.qa.testcases.ContactsPageTest" name="selectMultipleContactsTest" time="0.0">
    <ignored/>
  </testcase> <!-- selectMultipleContactsTest -->
  <testcase classname="com.crm.qa.testcases.ContactsPageTest" name="selectContactsTest" time="0.0">
    <ignored/>
  </testcase> <!-- selectContactsTest -->
  <testcase classname="com.crm.qa.testcases.ContactsPageTest" name="verifyContactsLabelTest" time="0.0">
    <ignored/>
  </testcase> <!-- verifyContactsLabelTest -->
</testsuite> <!-- Default test(failed) -->
