<?xml version="1.0" encoding="UTF-8"?>
<!-- Generated by org.testng.reporters.JUnitXMLReporter -->
<testsuite ignored="3" hostname="DESKTOP-E5QN8FN" failures="0" tests="1" name="Free CRM App Test(failed)" time="20.853" errors="0" timestamp="2021-08-25T16:47:36 IST">
  <testcase classname="com.crm.qa.testcases.ContactsPageTest" name="selectMultipleContactsTest" time="0.233"/>
  <testcase classname="com.crm.qa.testcases.ContactsPageTest" name="validateCreateNewContact" time="0.0">
    <ignored/>
  </testcase> <!-- validateCreateNewContact -->
  <testcase classname="com.crm.qa.testcases.ContactsPageTest" name="selectContactsTest" time="0.0">
    <ignored/>
  </testcase> <!-- selectContactsTest -->
  <testcase classname="com.crm.qa.testcases.ContactsPageTest" name="verifyContactsLabelTest" time="0.0">
    <ignored/>
  </testcase> <!-- verifyContactsLabelTest -->
</testsuite> <!-- Free CRM App Test(failed) -->
