<?xml version="1.0" encoding="UTF-8"?>
<testsuite xmlns:xsi="http://www.w3.org/2001/XMLSchema-instance" xsi:noNamespaceSchemaLocation="https://maven.apache.org/surefire/maven-surefire-plugin/xsd/surefire-test-report.xsd" name="TestSuite" time="183.894" tests="9" errors="0" skipped="0" failures="0">
  <properties>
[...]
</properties>
  <testcase name="verifyContactsLabelTest" classname="com.crm.qa.testcases.ContactsPageTest" time="0.11"/>
  <testcase name="selectContactsTest" classname="com.crm.qa.testcases.ContactsPageTest" time="0.16"/>
  <testcase name="selectMultipleContactsTest" classname="com.crm.qa.testcases.ContactsPageTest" time="0.499"/>
  <testcase name="verifyHomePageTitleTest" classname="com.crm.qa.testcases.HomePageTest" time="0.008"/>
  <testcase name="verfyCorrectUserNameTest" classname="com.crm.qa.testcases.HomePageTest" time="0.103"/>
  <testcase name="clickOnContactsLinkTest" classname="com.crm.qa.testcases.HomePageTest" time="3.676"/>
  <testcase name="loginPageTitleTest" classname="com.crm.qa.testcases.LoginPageTest" time="0.026"/>
  <testcase name="crmLogoTest" classname="com.crm.qa.testcases.LoginPageTest" time="0.139"/>
  <testcase name="loginTest" classname="com.crm.qa.testcases.LoginPageTest" time="12.86"/>
</testsuite>