<?xml version="1.0" encoding="UTF-8"?>
<testng-results ignored="0" total="13" passed="13" failed="0" skipped="0">
  <reporter-output>
  </reporter-output>
  <suite started-at="2021-08-26T00:12:16 IST" name="FREECRM Automation Test Suite " finished-at="2021-08-26T00:16:46 IST" duration-ms="269811">
    <groups>
    </groups>
    <test started-at="2021-08-26T00:12:16 IST" name="Free CRM App Test" finished-at="2021-08-26T00:16:46 IST" duration-ms="269811">
      <class name="com.crm.qa.testcases.HomePageTest">
        <test-method is-config="true" signature="setUp()[pri:0, instance:com.crm.qa.testcases.HomePageTest@43dac38f]" started-at="2021-08-26T00:12:54 IST" name="setUp" finished-at="2021-08-26T00:13:12 IST" duration-ms="18040" status="PASS">
          <reporter-output>
          </reporter-output>
        </test-method> <!-- setUp -->
        <test-method signature="verifyHomePageTitleTest()[pri:1, instance:com.crm.qa.testcases.HomePageTest@43dac38f]" started-at="2021-08-26T00:13:12 IST" name="verifyHomePageTitleTest" finished-at="2021-08-26T00:13:12 IST" duration-ms="9" status="PASS">
          <reporter-output>
          </reporter-output>
        </test-method> <!-- verifyHomePageTitleTest -->
        <test-method is-config="true" signature="tearDown()[pri:0, instance:com.crm.qa.testcases.HomePageTest@43dac38f]" started-at="2021-08-26T00:13:12 IST" name="tearDown" finished-at="2021-08-26T00:13:13 IST" duration-ms="336" status="PASS">
          <reporter-output>
          </reporter-output>
        </test-method> <!-- tearDown -->
        <test-method is-config="true" signature="setUp()[pri:0, instance:com.crm.qa.testcases.HomePageTest@43dac38f]" started-at="2021-08-26T00:13:13 IST" name="setUp" finished-at="2021-08-26T00:13:32 IST" duration-ms="19231" status="PASS">
          <reporter-output>
          </reporter-output>
        </test-method> <!-- setUp -->
        <test-method signature="verfyCorrectUserNameTest()[pri:2, instance:com.crm.qa.testcases.HomePageTest@43dac38f]" started-at="2021-08-26T00:13:32 IST" name="verfyCorrectUserNameTest" finished-at="2021-08-26T00:13:32 IST" duration-ms="330" status="PASS">
          <reporter-output>
          </reporter-output>
        </test-method> <!-- verfyCorrectUserNameTest -->
        <test-method is-config="true" signature="tearDown()[pri:0, instance:com.crm.qa.testcases.HomePageTest@43dac38f]" started-at="2021-08-26T00:13:32 IST" name="tearDown" finished-at="2021-08-26T00:13:32 IST" duration-ms="325" status="PASS">
          <reporter-output>
          </reporter-output>
        </test-method> <!-- tearDown -->
        <test-method is-config="true" signature="setUp()[pri:0, instance:com.crm.qa.testcases.HomePageTest@43dac38f]" started-at="2021-08-26T00:13:32 IST" name="setUp" finished-at="2021-08-26T00:13:49 IST" duration-ms="16737" status="PASS">
          <reporter-output>
          </reporter-output>
        </test-method> <!-- setUp -->
        <test-method signature="clickOnContactsLinkTest()[pri:3, instance:com.crm.qa.testcases.HomePageTest@43dac38f]" started-at="2021-08-26T00:13:49 IST" name="clickOnContactsLinkTest" finished-at="2021-08-26T00:13:51 IST" duration-ms="1799" status="PASS">
          <reporter-output>
          </reporter-output>
        </test-method> <!-- clickOnContactsLinkTest -->
        <test-method is-config="true" signature="tearDown()[pri:0, instance:com.crm.qa.testcases.HomePageTest@43dac38f]" started-at="2021-08-26T00:13:51 IST" name="tearDown" finished-at="2021-08-26T00:13:51 IST" duration-ms="332" status="PASS">
          <reporter-output>
          </reporter-output>
        </test-method> <!-- tearDown -->
      </class> <!-- com.crm.qa.testcases.HomePageTest -->
      <class name="com.crm.qa.testcases.ContactsPageTest">
        <test-method is-config="true" signature="setUp()[pri:0, instance:com.crm.qa.testcases.ContactsPageTest@5d0a1059]" started-at="2021-08-26T00:13:51 IST" name="setUp" finished-at="2021-08-26T00:14:14 IST" duration-ms="22528" status="PASS">
          <reporter-output>
          </reporter-output>
        </test-method> <!-- setUp -->
        <test-method signature="verifyContactsLabelTest()[pri:1, instance:com.crm.qa.testcases.ContactsPageTest@5d0a1059]" started-at="2021-08-26T00:14:14 IST" name="verifyContactsLabelTest" finished-at="2021-08-26T00:14:14 IST" duration-ms="51" status="PASS">
          <reporter-output>
          </reporter-output>
        </test-method> <!-- verifyContactsLabelTest -->
        <test-method is-config="true" signature="tearDown()[pri:0, instance:com.crm.qa.testcases.ContactsPageTest@5d0a1059]" started-at="2021-08-26T00:14:14 IST" name="tearDown" finished-at="2021-08-26T00:14:14 IST" duration-ms="286" status="PASS">
          <reporter-output>
          </reporter-output>
        </test-method> <!-- tearDown -->
        <test-method is-config="true" signature="setUp()[pri:0, instance:com.crm.qa.testcases.ContactsPageTest@5d0a1059]" started-at="2021-08-26T00:14:14 IST" name="setUp" finished-at="2021-08-26T00:14:32 IST" duration-ms="17426" status="PASS">
          <reporter-output>
          </reporter-output>
        </test-method> <!-- setUp -->
        <test-method signature="selectContactsTest()[pri:2, instance:com.crm.qa.testcases.ContactsPageTest@5d0a1059]" started-at="2021-08-26T00:14:32 IST" name="selectContactsTest" finished-at="2021-08-26T00:14:32 IST" duration-ms="179" status="PASS">
          <reporter-output>
          </reporter-output>
        </test-method> <!-- selectContactsTest -->
        <test-method is-config="true" signature="tearDown()[pri:0, instance:com.crm.qa.testcases.ContactsPageTest@5d0a1059]" started-at="2021-08-26T00:14:32 IST" name="tearDown" finished-at="2021-08-26T00:14:32 IST" duration-ms="293" status="PASS">
          <reporter-output>
          </reporter-output>
        </test-method> <!-- tearDown -->
        <test-method is-config="true" signature="setUp()[pri:0, instance:com.crm.qa.testcases.ContactsPageTest@5d0a1059]" started-at="2021-08-26T00:14:32 IST" name="setUp" finished-at="2021-08-26T00:14:59 IST" duration-ms="26772" status="PASS">
          <reporter-output>
          </reporter-output>
        </test-method> <!-- setUp -->
        <test-method signature="selectMultipleContactsTest()[pri:3, instance:com.crm.qa.testcases.ContactsPageTest@5d0a1059]" started-at="2021-08-26T00:14:59 IST" name="selectMultipleContactsTest" finished-at="2021-08-26T00:14:59 IST" duration-ms="241" status="PASS">
          <reporter-output>
          </reporter-output>
        </test-method> <!-- selectMultipleContactsTest -->
        <test-method is-config="true" signature="tearDown()[pri:0, instance:com.crm.qa.testcases.ContactsPageTest@5d0a1059]" started-at="2021-08-26T00:14:59 IST" name="tearDown" finished-at="2021-08-26T00:14:59 IST" duration-ms="277" status="PASS">
          <reporter-output>
          </reporter-output>
        </test-method> <!-- tearDown -->
        <test-method is-config="true" signature="setUp()[pri:0, instance:com.crm.qa.testcases.ContactsPageTest@5d0a1059]" started-at="2021-08-26T00:15:00 IST" name="setUp" finished-at="2021-08-26T00:15:17 IST" duration-ms="16877" status="PASS">
          <reporter-output>
          </reporter-output>
        </test-method> <!-- setUp -->
        <test-method signature="validateCreateNewContact(java.lang.String,java.lang.String,java.lang.String,java.lang.String)[pri:4, instance:com.crm.qa.testcases.ContactsPageTest@5d0a1059]" started-at="2021-08-26T00:15:17 IST" name="validateCreateNewContact" data-provider="getContacts" finished-at="2021-08-26T00:15:24 IST" duration-ms="6634" status="PASS">
          <params>
            <param index="0">
              <value>
                <![CDATA[Mr.]]>
              </value>
            </param>
            <param index="1">
              <value>
                <![CDATA[David]]>
              </value>
            </param>
            <param index="2">
              <value>
                <![CDATA[Cris]]>
              </value>
            </param>
            <param index="3">
              <value>
                <![CDATA[Amazon]]>
              </value>
            </param>
          </params>
          <reporter-output>
          </reporter-output>
        </test-method> <!-- validateCreateNewContact -->
        <test-method is-config="true" signature="tearDown()[pri:0, instance:com.crm.qa.testcases.ContactsPageTest@5d0a1059]" started-at="2021-08-26T00:15:24 IST" name="tearDown" finished-at="2021-08-26T00:15:24 IST" duration-ms="209" status="PASS">
          <reporter-output>
          </reporter-output>
        </test-method> <!-- tearDown -->
        <test-method is-config="true" signature="setUp()[pri:0, instance:com.crm.qa.testcases.ContactsPageTest@5d0a1059]" started-at="2021-08-26T00:15:24 IST" name="setUp" finished-at="2021-08-26T00:15:42 IST" duration-ms="18374" status="PASS">
          <reporter-output>
          </reporter-output>
        </test-method> <!-- setUp -->
        <test-method signature="validateCreateNewContact(java.lang.String,java.lang.String,java.lang.String,java.lang.String)[pri:4, instance:com.crm.qa.testcases.ContactsPageTest@5d0a1059]" started-at="2021-08-26T00:15:42 IST" name="validateCreateNewContact" data-provider="getContacts" finished-at="2021-08-26T00:15:50 IST" duration-ms="7791" status="PASS">
          <params>
            <param index="0">
              <value>
                <![CDATA[Miss]]>
              </value>
            </param>
            <param index="1">
              <value>
                <![CDATA[Nora]]>
              </value>
            </param>
            <param index="2">
              <value>
                <![CDATA[Mohanty]]>
              </value>
            </param>
            <param index="3">
              <value>
                <![CDATA[Student]]>
              </value>
            </param>
          </params>
          <reporter-output>
          </reporter-output>
        </test-method> <!-- validateCreateNewContact -->
        <test-method is-config="true" signature="tearDown()[pri:0, instance:com.crm.qa.testcases.ContactsPageTest@5d0a1059]" started-at="2021-08-26T00:15:50 IST" name="tearDown" finished-at="2021-08-26T00:15:50 IST" duration-ms="213" status="PASS">
          <reporter-output>
          </reporter-output>
        </test-method> <!-- tearDown -->
        <test-method is-config="true" signature="setUp()[pri:0, instance:com.crm.qa.testcases.ContactsPageTest@5d0a1059]" started-at="2021-08-26T00:15:50 IST" name="setUp" finished-at="2021-08-26T00:16:14 IST" duration-ms="23647" status="PASS">
          <reporter-output>
          </reporter-output>
        </test-method> <!-- setUp -->
        <test-method signature="validateCreateNewContact(java.lang.String,java.lang.String,java.lang.String,java.lang.String)[pri:4, instance:com.crm.qa.testcases.ContactsPageTest@5d0a1059]" started-at="2021-08-26T00:16:14 IST" name="validateCreateNewContact" data-provider="getContacts" finished-at="2021-08-26T00:16:22 IST" duration-ms="7891" status="PASS">
          <params>
            <param index="0">
              <value>
                <![CDATA[Mrs.]]>
              </value>
            </param>
            <param index="1">
              <value>
                <![CDATA[Bijayalaxmi]]>
              </value>
            </param>
            <param index="2">
              <value>
                <![CDATA[Swain]]>
              </value>
            </param>
            <param index="3">
              <value>
                <![CDATA[Stanadard Chatered]]>
              </value>
            </param>
          </params>
          <reporter-output>
          </reporter-output>
        </test-method> <!-- validateCreateNewContact -->
        <test-method is-config="true" signature="tearDown()[pri:0, instance:com.crm.qa.testcases.ContactsPageTest@5d0a1059]" started-at="2021-08-26T00:16:22 IST" name="tearDown" finished-at="2021-08-26T00:16:22 IST" duration-ms="203" status="PASS">
          <reporter-output>
          </reporter-output>
        </test-method> <!-- tearDown -->
        <test-method is-config="true" signature="setUp()[pri:0, instance:com.crm.qa.testcases.ContactsPageTest@5d0a1059]" started-at="2021-08-26T00:16:22 IST" name="setUp" finished-at="2021-08-26T00:16:39 IST" duration-ms="17243" status="PASS">
          <reporter-output>
          </reporter-output>
        </test-method> <!-- setUp -->
        <test-method signature="validateCreateNewContact(java.lang.String,java.lang.String,java.lang.String,java.lang.String)[pri:4, instance:com.crm.qa.testcases.ContactsPageTest@5d0a1059]" started-at="2021-08-26T00:16:39 IST" name="validateCreateNewContact" data-provider="getContacts" finished-at="2021-08-26T00:16:46 IST" duration-ms="6373" status="PASS">
          <params>
            <param index="0">
              <value>
                <![CDATA[Mr.]]>
              </value>
            </param>
            <param index="1">
              <value>
                <![CDATA[Keshari]]>
              </value>
            </param>
            <param index="2">
              <value>
                <![CDATA[Sahoo]]>
              </value>
            </param>
            <param index="3">
              <value>
                <![CDATA[Lowes India]]>
              </value>
            </param>
          </params>
          <reporter-output>
          </reporter-output>
        </test-method> <!-- validateCreateNewContact -->
        <test-method is-config="true" signature="tearDown()[pri:0, instance:com.crm.qa.testcases.ContactsPageTest@5d0a1059]" started-at="2021-08-26T00:16:46 IST" name="tearDown" finished-at="2021-08-26T00:16:46 IST" duration-ms="223" status="PASS">
          <reporter-output>
          </reporter-output>
        </test-method> <!-- tearDown -->
      </class> <!-- com.crm.qa.testcases.ContactsPageTest -->
      <class name="com.crm.qa.testcases.LoginPageTest">
        <test-method is-config="true" signature="seUp()[pri:0, instance:com.crm.qa.testcases.LoginPageTest@3d6f0054]" started-at="2021-08-26T00:12:16 IST" name="seUp" finished-at="2021-08-26T00:12:27 IST" duration-ms="10658" status="PASS">
          <reporter-output>
          </reporter-output>
        </test-method> <!-- seUp -->
        <test-method signature="loginPageTitleTest()[pri:1, instance:com.crm.qa.testcases.LoginPageTest@3d6f0054]" started-at="2021-08-26T00:12:27 IST" name="loginPageTitleTest" finished-at="2021-08-26T00:12:27 IST" duration-ms="27" status="PASS">
          <reporter-output>
          </reporter-output>
        </test-method> <!-- loginPageTitleTest -->
        <test-method is-config="true" signature="tearDown()[pri:0, instance:com.crm.qa.testcases.LoginPageTest@3d6f0054]" started-at="2021-08-26T00:12:27 IST" name="tearDown" finished-at="2021-08-26T00:12:27 IST" duration-ms="325" status="PASS">
          <reporter-output>
          </reporter-output>
        </test-method> <!-- tearDown -->
        <test-method is-config="true" signature="seUp()[pri:0, instance:com.crm.qa.testcases.LoginPageTest@3d6f0054]" started-at="2021-08-26T00:12:27 IST" name="seUp" finished-at="2021-08-26T00:12:35 IST" duration-ms="7610" status="PASS">
          <reporter-output>
          </reporter-output>
        </test-method> <!-- seUp -->
        <test-method signature="crmLogoTest()[pri:2, instance:com.crm.qa.testcases.LoginPageTest@3d6f0054]" started-at="2021-08-26T00:12:35 IST" name="crmLogoTest" finished-at="2021-08-26T00:12:35 IST" duration-ms="125" status="PASS">
          <reporter-output>
          </reporter-output>
        </test-method> <!-- crmLogoTest -->
        <test-method is-config="true" signature="tearDown()[pri:0, instance:com.crm.qa.testcases.LoginPageTest@3d6f0054]" started-at="2021-08-26T00:12:35 IST" name="tearDown" finished-at="2021-08-26T00:12:35 IST" duration-ms="166" status="PASS">
          <reporter-output>
          </reporter-output>
        </test-method> <!-- tearDown -->
        <test-method is-config="true" signature="seUp()[pri:0, instance:com.crm.qa.testcases.LoginPageTest@3d6f0054]" started-at="2021-08-26T00:12:35 IST" name="seUp" finished-at="2021-08-26T00:12:44 IST" duration-ms="8847" status="PASS">
          <reporter-output>
          </reporter-output>
        </test-method> <!-- seUp -->
        <test-method signature="loginTest()[pri:3, instance:com.crm.qa.testcases.LoginPageTest@3d6f0054]" started-at="2021-08-26T00:12:44 IST" name="loginTest" finished-at="2021-08-26T00:12:54 IST" duration-ms="9872" status="PASS">
          <reporter-output>
          </reporter-output>
        </test-method> <!-- loginTest -->
        <test-method is-config="true" signature="tearDown()[pri:0, instance:com.crm.qa.testcases.LoginPageTest@3d6f0054]" started-at="2021-08-26T00:12:54 IST" name="tearDown" finished-at="2021-08-26T00:12:54 IST" duration-ms="192" status="PASS">
          <reporter-output>
          </reporter-output>
        </test-method> <!-- tearDown -->
      </class> <!-- com.crm.qa.testcases.LoginPageTest -->
    </test> <!-- Free CRM App Test -->
  </suite> <!-- FREECRM Automation Test Suite  -->
</testng-results>
